2017-06-13 16:09:08.603  INFO [Test worker] (io.mycat.backend.datasource.PhysicalDBPool.<init>(PhysicalDBPool.java:101)) - total resouces of dataHost localhost1 is :1
2017-06-13 16:09:08.692  INFO [Test worker] (io.mycat.cache.DefaultLayedCachePool.createChildCache(DefaultLayedCachePool.java:80)) - create child Cache: default for layered cache defaultLayedPool, size 1000, expire seconds 1
2017-06-13 16:09:09.310  INFO [Test worker] (io.mycat.cache.DefaultLayedCachePool.createChildCache(DefaultLayedCachePool.java:80)) - create child Cache: company for layered cache defaultLayedPool, size 1000, expire seconds 1
2017-06-13 16:09:09.313  INFO [Test worker] (io.mycat.cache.DefaultLayedCachePool.createChildCache(DefaultLayedCachePool.java:80)) - create child Cache: goods for layered cache defaultLayedPool, size 1000, expire seconds 1
2017-06-13 16:09:16.353  INFO [Test worker] (io.mycat.backend.datasource.PhysicalDBPool.<init>(PhysicalDBPool.java:101)) - total resouces of dataHost localhost2 is :4
2017-06-13 16:09:16.354  INFO [Test worker] (io.mycat.backend.datasource.PhysicalDBPool.<init>(PhysicalDBPool.java:101)) - total resouces of dataHost localhost1 is :1
2017-06-13 16:09:16.396  INFO [Test worker] (io.mycat.backend.datasource.PhysicalDBPool.<init>(PhysicalDBPool.java:101)) - total resouces of dataHost localhost2 is :4
2017-06-13 16:09:16.397  INFO [Test worker] (io.mycat.backend.datasource.PhysicalDBPool.<init>(PhysicalDBPool.java:101)) - total resouces of dataHost localhost1 is :1
2017-06-13 16:09:16.417  INFO [Test worker] (io.mycat.backend.datasource.PhysicalDBPool.<init>(PhysicalDBPool.java:101)) - total resouces of dataHost localhost2 is :4
2017-06-13 16:09:16.417  INFO [Test worker] (io.mycat.backend.datasource.PhysicalDBPool.<init>(PhysicalDBPool.java:101)) - total resouces of dataHost localhost1 is :1
2017-06-13 16:09:16.464  INFO [Test worker] (io.mycat.backend.datasource.PhysicalDBPool.<init>(PhysicalDBPool.java:101)) - total resouces of dataHost localhost2 is :4
2017-06-13 16:09:16.464  INFO [Test worker] (io.mycat.backend.datasource.PhysicalDBPool.<init>(PhysicalDBPool.java:101)) - total resouces of dataHost localhost1 is :1
2017-06-13 16:09:17.012  INFO [Test worker] (io.mycat.memory.unsafe.memory.mm.DataNodeMemoryManager.showMemoryUsage(DataNodeMemoryManager.java:193)) - Memory used in Thread 0
2017-06-13 16:09:17.012  INFO [Test worker] (io.mycat.memory.unsafe.memory.mm.DataNodeMemoryManager.showMemoryUsage(DataNodeMemoryManager.java:200)) - Acquired by io.mycat.memory.unsafe.map.BytesToBytesMap@582bd978: 1024.0 B
2017-06-13 16:09:17.017  INFO [Test worker] (io.mycat.memory.unsafe.memory.mm.DataNodeMemoryManager.showMemoryUsage(DataNodeMemoryManager.java:205)) - -1024 bytes of memory were used by task 0 but are not associated with specific consumers
2017-06-13 16:09:17.020  INFO [Test worker] (io.mycat.memory.unsafe.memory.mm.DataNodeMemoryManager.showMemoryUsage(DataNodeMemoryManager.java:208)) - 0 bytes of memory are used for execution and {} bytes of memory are used for storage
2017-06-13 16:09:17.759  INFO [Test worker] (io.mycat.memory.unsafe.memory.mm.DataNodeMemoryManager.showMemoryUsage(DataNodeMemoryManager.java:193)) - Memory used in Thread 0
2017-06-13 16:09:17.760  INFO [Test worker] (io.mycat.memory.unsafe.memory.mm.DataNodeMemoryManager.showMemoryUsage(DataNodeMemoryManager.java:200)) - Acquired by io.mycat.memory.unsafe.map.BytesToBytesMap@22941e1c: 2.0 KB
2017-06-13 16:09:17.760  INFO [Test worker] (io.mycat.memory.unsafe.memory.mm.DataNodeMemoryManager.showMemoryUsage(DataNodeMemoryManager.java:205)) - -2048 bytes of memory were used by task 0 but are not associated with specific consumers
2017-06-13 16:09:17.761  INFO [Test worker] (io.mycat.memory.unsafe.memory.mm.DataNodeMemoryManager.showMemoryUsage(DataNodeMemoryManager.java:208)) - 0 bytes of memory are used for execution and {} bytes of memory are used for storage
2017-06-13 16:09:17.782  WARN [Test worker] (io.mycat.memory.unsafe.storage.DataNodeFileManager.getFile(DataNodeFileManager.java:112)) - 43 exist !
2017-06-13 16:09:17.801 ERROR [Test worker] (io.mycat.memory.unsafe.map.BytesToBytesMap$MapIterator.hasNext(BytesToBytesMap.java:310)) - Was unable to delete spill file D:\workspace\git\Mycat-Server\datanode\datenode-762e7fd8-269a-4a92-922b-6869e6ea1175\43\9f662b0b-0f33-4951-bf3a-540346de849e
2017-06-13 16:09:17.839  INFO [Test worker] (io.mycat.memory.unsafe.memory.mm.DataNodeMemoryManager.showMemoryUsage(DataNodeMemoryManager.java:193)) - Memory used in Thread 0
2017-06-13 16:09:17.839  INFO [Test worker] (io.mycat.memory.unsafe.memory.mm.DataNodeMemoryManager.showMemoryUsage(DataNodeMemoryManager.java:200)) - Acquired by io.mycat.memory.unsafe.map.BytesToBytesMap@14b1d041: 1024.0 B
2017-06-13 16:09:17.839  INFO [Test worker] (io.mycat.memory.unsafe.memory.mm.DataNodeMemoryManager.showMemoryUsage(DataNodeMemoryManager.java:205)) - -1024 bytes of memory were used by task 0 but are not associated with specific consumers
2017-06-13 16:09:17.839  INFO [Test worker] (io.mycat.memory.unsafe.memory.mm.DataNodeMemoryManager.showMemoryUsage(DataNodeMemoryManager.java:208)) - 0 bytes of memory are used for execution and {} bytes of memory are used for storage
2017-06-13 16:09:18.759  INFO [Test worker] (io.mycat.memory.unsafe.memory.mm.DataNodeMemoryManager.showMemoryUsage(DataNodeMemoryManager.java:193)) - Memory used in Thread 0
2017-06-13 16:09:18.759  INFO [Test worker] (io.mycat.memory.unsafe.memory.mm.DataNodeMemoryManager.showMemoryUsage(DataNodeMemoryManager.java:200)) - Acquired by io.mycat.memory.unsafe.map.BytesToBytesMap@20cba9b6: 2.0 KB
2017-06-13 16:09:18.760  INFO [Test worker] (io.mycat.memory.unsafe.memory.mm.DataNodeMemoryManager.showMemoryUsage(DataNodeMemoryManager.java:205)) - -2048 bytes of memory were used by task 0 but are not associated with specific consumers
2017-06-13 16:09:18.760  INFO [Test worker] (io.mycat.memory.unsafe.memory.mm.DataNodeMemoryManager.showMemoryUsage(DataNodeMemoryManager.java:208)) - 0 bytes of memory are used for execution and {} bytes of memory are used for storage
2017-06-13 16:09:18.989  WARN [Test worker] (io.mycat.memory.unsafe.storage.DataNodeFileManager.getFile(DataNodeFileManager.java:112)) - 11 exist !
2017-06-13 16:09:18.991 ERROR [Test worker] (io.mycat.memory.unsafe.map.BytesToBytesMap$MapIterator.hasNext(BytesToBytesMap.java:310)) - Was unable to delete spill file D:\workspace\git\Mycat-Server\datanode\datenode-af9b08dd-7258-41d2-a817-aa49bbd486db\11\1b160a31-7640-438e-879e-393ce9693154
2017-06-13 16:09:20.620  INFO [Test worker] (io.mycat.memory.MyCatMemory.<init>(MyCatMemory.java:166)) - mycat.memory.offHeap.size: 1264MB
2017-06-13 16:09:24.063  INFO [Test worker] (io.mycat.memory.MyCatMemory.<init>(MyCatMemory.java:166)) - mycat.memory.offHeap.size: 1264MB
2017-06-13 16:09:24.979  INFO [Test worker] (io.mycat.memory.MyCatMemory.<init>(MyCatMemory.java:166)) - mycat.memory.offHeap.size: 1264MB
2017-06-13 16:09:25.345  INFO [Test worker] (io.mycat.memory.unsafe.memory.mm.DataNodeMemoryManager.acquireExecutionMemory(DataNodeMemoryManager.java:139)) - Thread 0 released 100.0 B from io.mycat.memory.unsafe.memory.TestMemoryConsumer@7b056036 forio.mycat.memory.unsafe.memory.TestMemoryConsumer@4ca3ced1
2017-06-13 16:09:25.346  INFO [Test worker] (io.mycat.memory.unsafe.memory.mm.DataNodeMemoryManager.acquireExecutionMemory(DataNodeMemoryManager.java:139)) - Thread 0 released 100.0 B from io.mycat.memory.unsafe.memory.TestMemoryConsumer@4ca3ced1 forio.mycat.memory.unsafe.memory.TestMemoryConsumer@7b056036
2017-06-13 16:09:25.346  INFO [Test worker] (io.mycat.memory.unsafe.memory.mm.DataNodeMemoryManager.acquireExecutionMemory(DataNodeMemoryManager.java:160)) - Thread 0 released 100.0 Bfrom itself (io.mycat.memory.unsafe.memory.TestMemoryConsumer@7b056036)
2017-06-13 16:09:25.347  INFO [Test worker] (io.mycat.memory.unsafe.memory.mm.DataNodeMemoryManager.acquireExecutionMemory(DataNodeMemoryManager.java:139)) - Thread 0 released 50.0 B from io.mycat.memory.unsafe.memory.TestMemoryConsumer@4ca3ced1 forio.mycat.memory.unsafe.memory.TestMemoryConsumer@7b056036
2017-06-13 16:09:25.348  INFO [Test worker] (io.mycat.memory.unsafe.memory.mm.DataNodeMemoryManager.acquireExecutionMemory(DataNodeMemoryManager.java:160)) - Thread 0 released 50.0 Bfrom itself (io.mycat.memory.unsafe.memory.TestMemoryConsumer@7b056036)
2017-06-13 16:09:25.348  INFO [Test worker] (io.mycat.memory.unsafe.memory.mm.DataNodeMemoryManager.acquireExecutionMemory(DataNodeMemoryManager.java:139)) - Thread 0 released 80.0 B from io.mycat.memory.unsafe.memory.TestMemoryConsumer@7b056036 forio.mycat.memory.unsafe.memory.TestMemoryConsumer@4ca3ced1
2017-06-13 16:09:25.349  INFO [Test worker] (io.mycat.memory.unsafe.memory.mm.DataNodeMemoryManager.acquireExecutionMemory(DataNodeMemoryManager.java:160)) - Thread 0 released 10.0 Bfrom itself (io.mycat.memory.unsafe.memory.TestMemoryConsumer@4ca3ced1)
2017-06-13 16:09:25.351  WARN [Test worker] (io.mycat.memory.unsafe.memory.mm.DataNodeMemoryManager.cleanUpAllAllocatedMemory(DataNodeMemoryManager.java:396)) - leak a page: io.mycat.memory.unsafe.memory.MemoryBlock@169d0d20 in task 0
2017-06-13 16:09:26.502  INFO [Test worker] (io.mycat.memory.MyCatMemory.<init>(MyCatMemory.java:166)) - mycat.memory.offHeap.size: 1264MB
2017-06-13 16:09:29.011  INFO [Test worker] (io.mycat.backend.datasource.PhysicalDBPool.<init>(PhysicalDBPool.java:101)) - total resouces of dataHost localhost1 is :1
2017-06-13 16:09:29.199  INFO [Test worker] (io.mycat.cache.CacheService.createLayeredPool(CacheService.java:125)) - create layer cache pool TableID2DataNodeCache of type encache ,default cache size 10000 ,default expire seconds18000
2017-06-13 16:09:29.199  INFO [Test worker] (io.mycat.cache.DefaultLayedCachePool.createChildCache(DefaultLayedCachePool.java:80)) - create child Cache: TESTDB_ORDERS for layered cache TableID2DataNodeCache, size 50000, expire seconds 18000
2017-06-13 16:09:30.725  INFO [Test worker] (io.mycat.memory.unsafe.utils.sort.UnsafeExternalSorter.spill(UnsafeExternalSorter.java:167)) - Thread12 spilling sort data of 18.0 KB to disk (0 times so far)
2017-06-13 16:09:30.741  WARN [Test worker] (io.mycat.memory.unsafe.storage.DataNodeFileManager.getFile(DataNodeFileManager.java:112)) - 50 exist !
2017-06-13 16:09:30.748 ERROR [Test worker] (io.mycat.memory.unsafe.utils.sort.UnsafeExternalSorter.deleteSpillFiles(UnsafeExternalSorter.java:317)) - Failed to delete: D:\workspace\git\Mycat-Server\datanode\datenode-55c6c880-3381-4dcf-9902-2be86a57830e\50\673e4ef6-2ca7-45e0-9b67-62d5b63e7e46
2017-06-13 16:09:30.748 ERROR [Test worker] (io.mycat.memory.unsafe.utils.sort.UnsafeExternalSorter.deleteSpillFiles(UnsafeExternalSorter.java:322)) - Was unable to delete spill file D:\workspace\git\Mycat-Server\datanode\datenode-55c6c880-3381-4dcf-9902-2be86a57830e\50\673e4ef6-2ca7-45e0-9b67-62d5b63e7e46
2017-06-13 16:09:30.749  INFO [Test worker] (io.mycat.memory.unsafe.utils.sort.UnsafeExternalSorter.spill(UnsafeExternalSorter.java:167)) - Thread12 spilling sort data of 4.0 MB to disk (0 times so far)
2017-06-13 16:09:30.761  WARN [Test worker] (io.mycat.memory.unsafe.storage.DataNodeFileManager.getFile(DataNodeFileManager.java:112)) - 26 exist !
2017-06-13 16:09:30.762  INFO [Test worker] (io.mycat.memory.unsafe.utils.sort.UnsafeExternalSorter.spill(UnsafeExternalSorter.java:167)) - Thread12 spilling sort data of 4.0 MB to disk (1 times so far)
2017-06-13 16:09:30.763  WARN [Test worker] (io.mycat.memory.unsafe.storage.DataNodeFileManager.getFile(DataNodeFileManager.java:112)) - 40 exist !
2017-06-13 16:09:30.793 ERROR [Test worker] (io.mycat.memory.unsafe.utils.sort.UnsafeExternalSorter.deleteSpillFiles(UnsafeExternalSorter.java:317)) - Failed to delete: D:\workspace\git\Mycat-Server\datanode\datenode-fa04f888-1d51-457e-87d9-95a76aa28835\26\d5cc21cd-6ad9-4b1a-8d39-cc527ee15fab
2017-06-13 16:09:30.793 ERROR [Test worker] (io.mycat.memory.unsafe.utils.sort.UnsafeExternalSorter.deleteSpillFiles(UnsafeExternalSorter.java:322)) - Was unable to delete spill file D:\workspace\git\Mycat-Server\datanode\datenode-fa04f888-1d51-457e-87d9-95a76aa28835\26\d5cc21cd-6ad9-4b1a-8d39-cc527ee15fab
2017-06-13 16:09:30.794 ERROR [Test worker] (io.mycat.memory.unsafe.utils.sort.UnsafeExternalSorter.deleteSpillFiles(UnsafeExternalSorter.java:317)) - Failed to delete: D:\workspace\git\Mycat-Server\datanode\datenode-5b4c7a83-49b3-4c1f-976b-3c0a4b225b19\40\fd56b085-0909-4889-8ee7-262a9ee097e7
2017-06-13 16:09:30.794 ERROR [Test worker] (io.mycat.memory.unsafe.utils.sort.UnsafeExternalSorter.deleteSpillFiles(UnsafeExternalSorter.java:322)) - Was unable to delete spill file D:\workspace\git\Mycat-Server\datanode\datenode-5b4c7a83-49b3-4c1f-976b-3c0a4b225b19\40\fd56b085-0909-4889-8ee7-262a9ee097e7
2017-06-13 16:09:30.795  INFO [Test worker] (io.mycat.memory.unsafe.utils.sort.UnsafeExternalSorter.spill(UnsafeExternalSorter.java:167)) - Thread12 spilling sort data of 4.0 MB to disk (0 times so far)
2017-06-13 16:09:30.803  WARN [Test worker] (io.mycat.memory.unsafe.storage.DataNodeFileManager.getFile(DataNodeFileManager.java:112)) - 24 exist !
2017-06-13 16:09:30.807  INFO [Test worker] (io.mycat.memory.unsafe.utils.sort.UnsafeExternalSorter.spill(UnsafeExternalSorter.java:167)) - Thread12 spilling sort data of 4.0 MB to disk (1 times so far)
2017-06-13 16:09:30.808  WARN [Test worker] (io.mycat.memory.unsafe.storage.DataNodeFileManager.getFile(DataNodeFileManager.java:112)) - 24 exist !
2017-06-13 16:09:30.812 ERROR [Test worker] (io.mycat.memory.unsafe.utils.sort.UnsafeExternalSorter.deleteSpillFiles(UnsafeExternalSorter.java:317)) - Failed to delete: D:\workspace\git\Mycat-Server\datanode\datenode-19731acd-c21f-4a57-8ecf-c9212006d80f\24\f0f095a4-ca2c-4e48-a8cc-610bbf8c768c
2017-06-13 16:09:30.812 ERROR [Test worker] (io.mycat.memory.unsafe.utils.sort.UnsafeExternalSorter.deleteSpillFiles(UnsafeExternalSorter.java:322)) - Was unable to delete spill file D:\workspace\git\Mycat-Server\datanode\datenode-19731acd-c21f-4a57-8ecf-c9212006d80f\24\f0f095a4-ca2c-4e48-a8cc-610bbf8c768c
2017-06-13 16:09:30.813 ERROR [Test worker] (io.mycat.memory.unsafe.utils.sort.UnsafeExternalSorter.deleteSpillFiles(UnsafeExternalSorter.java:317)) - Failed to delete: D:\workspace\git\Mycat-Server\datanode\datenode-b9a93ff1-1add-432c-a288-67e3683d7d0a\24\61b634a6-8efc-4ff1-8c29-f967b90fd0a6
2017-06-13 16:09:30.814 ERROR [Test worker] (io.mycat.memory.unsafe.utils.sort.UnsafeExternalSorter.deleteSpillFiles(UnsafeExternalSorter.java:322)) - Was unable to delete spill file D:\workspace\git\Mycat-Server\datanode\datenode-b9a93ff1-1add-432c-a288-67e3683d7d0a\24\61b634a6-8efc-4ff1-8c29-f967b90fd0a6
2017-06-13 16:09:30.815  INFO [Test worker] (io.mycat.memory.unsafe.utils.sort.UnsafeExternalSorter.spill(UnsafeExternalSorter.java:167)) - Thread12 spilling sort data of 4.0 MB to disk (0 times so far)
2017-06-13 16:09:30.816  WARN [Test worker] (io.mycat.memory.unsafe.storage.DataNodeFileManager.getFile(DataNodeFileManager.java:112)) - 56 exist !
2017-06-13 16:09:30.820  WARN [Test worker] (io.mycat.memory.unsafe.memory.mm.DataNodeMemoryManager.cleanUpAllAllocatedMemory(DataNodeMemoryManager.java:389)) - leak 4.0 MB memory from io.mycat.memory.unsafe.utils.sort.UnsafeExternalSorter@1f101db0
2017-06-13 16:09:30.820  WARN [Test worker] (io.mycat.memory.unsafe.memory.mm.DataNodeMemoryManager.cleanUpAllAllocatedMemory(DataNodeMemoryManager.java:396)) - leak a page: io.mycat.memory.unsafe.memory.MemoryBlock@16f2a020 in task 0
2017-06-13 16:09:30.820  WARN [Test worker] (io.mycat.memory.unsafe.memory.mm.DataNodeMemoryManager.cleanUpAllAllocatedMemory(DataNodeMemoryManager.java:396)) - leak a page: io.mycat.memory.unsafe.memory.MemoryBlock@3044f463 in task 0
2017-06-13 16:09:30.834  INFO [Test worker] (io.mycat.memory.unsafe.utils.sort.UnsafeExternalSorter.spill(UnsafeExternalSorter.java:167)) - Thread12 spilling sort data of 16.0 MB to disk (0 times so far)
2017-06-13 16:09:30.835  WARN [Test worker] (io.mycat.memory.unsafe.storage.DataNodeFileManager.getFile(DataNodeFileManager.java:112)) - 6 exist !
2017-06-13 16:09:30.882  INFO [Test worker] (io.mycat.memory.unsafe.utils.sort.UnsafeExternalSorter.spill(UnsafeExternalSorter.java:167)) - Thread12 spilling sort data of 4.0 MB to disk (1 times so far)
2017-06-13 16:09:30.897  WARN [Test worker] (io.mycat.memory.unsafe.storage.DataNodeFileManager.getFile(DataNodeFileManager.java:112)) - 4 exist !
2017-06-13 16:09:30.922  WARN [Test worker] (io.mycat.memory.unsafe.memory.mm.DataNodeMemoryManager.cleanUpAllAllocatedMemory(DataNodeMemoryManager.java:389)) - leak 20.0 MB memory from io.mycat.memory.unsafe.utils.sort.UnsafeExternalSorter@2d5f57a5
2017-06-13 16:09:30.922  WARN [Test worker] (io.mycat.memory.unsafe.memory.mm.DataNodeMemoryManager.cleanUpAllAllocatedMemory(DataNodeMemoryManager.java:396)) - leak a page: io.mycat.memory.unsafe.memory.MemoryBlock@32bd3223 in task 0
2017-06-13 16:09:30.922  WARN [Test worker] (io.mycat.memory.unsafe.memory.mm.DataNodeMemoryManager.cleanUpAllAllocatedMemory(DataNodeMemoryManager.java:396)) - leak a page: io.mycat.memory.unsafe.memory.MemoryBlock@3044f463 in task 0
2017-06-13 16:09:30.922  WARN [Test worker] (io.mycat.memory.unsafe.memory.mm.DataNodeMemoryManager.cleanUpAllAllocatedMemory(DataNodeMemoryManager.java:396)) - leak a page: io.mycat.memory.unsafe.memory.MemoryBlock@314d67f4 in task 0
2017-06-13 16:09:30.951  WARN [Test worker] (io.mycat.memory.unsafe.storage.DataNodeFileManager.getFile(DataNodeFileManager.java:112)) - 0 exist !
2017-06-13 16:09:31.050 ERROR [Test worker] (io.mycat.memory.unsafe.utils.sort.UnsafeExternalSorter.deleteSpillFiles(UnsafeExternalSorter.java:317)) - Failed to delete: D:\workspace\git\Mycat-Server\datanode\datenode-9415fc2d-5f5b-43c2-8a42-73c584ada5a5\0\e63094bb-9976-48f8-b67d-9c42c3b1d806
2017-06-13 16:09:31.050 ERROR [Test worker] (io.mycat.memory.unsafe.utils.sort.UnsafeExternalSorter.deleteSpillFiles(UnsafeExternalSorter.java:322)) - Was unable to delete spill file D:\workspace\git\Mycat-Server\datanode\datenode-9415fc2d-5f5b-43c2-8a42-73c584ada5a5\0\e63094bb-9976-48f8-b67d-9c42c3b1d806
2017-06-13 16:09:31.052  INFO [Test worker] (io.mycat.memory.unsafe.utils.sort.UnsafeExternalSorter.spill(UnsafeExternalSorter.java:167)) - Thread12 spilling sort data of 4.0 MB to disk (0 times so far)
2017-06-13 16:09:31.054  WARN [Test worker] (io.mycat.memory.unsafe.storage.DataNodeFileManager.getFile(DataNodeFileManager.java:112)) - 61 exist !
2017-06-13 16:09:31.133  INFO [Test worker] (io.mycat.memory.unsafe.utils.sort.UnsafeExternalSorter.spill(UnsafeExternalSorter.java:167)) - Thread12 spilling sort data of 4.0 MB to disk (1 times so far)
2017-06-13 16:09:31.204  WARN [Test worker] (io.mycat.memory.unsafe.storage.DataNodeFileManager.getFile(DataNodeFileManager.java:112)) - 24 exist !
2017-06-13 16:09:31.213  INFO [Test worker] (io.mycat.memory.unsafe.utils.sort.UnsafeExternalSorter.spill(UnsafeExternalSorter.java:167)) - Thread12 spilling sort data of 4.0 MB to disk (2 times so far)
2017-06-13 16:09:31.214  WARN [Test worker] (io.mycat.memory.unsafe.storage.DataNodeFileManager.getFile(DataNodeFileManager.java:112)) - 18 exist !
2017-06-13 16:09:31.223  INFO [Test worker] (io.mycat.memory.unsafe.utils.sort.UnsafeExternalSorter.spill(UnsafeExternalSorter.java:167)) - Thread12 spilling sort data of 4.0 MB to disk (3 times so far)
2017-06-13 16:09:31.224  WARN [Test worker] (io.mycat.memory.unsafe.storage.DataNodeFileManager.getFile(DataNodeFileManager.java:112)) - 14 exist !
2017-06-13 16:09:31.251 ERROR [Test worker] (io.mycat.memory.unsafe.utils.sort.UnsafeExternalSorter.deleteSpillFiles(UnsafeExternalSorter.java:317)) - Failed to delete: D:\workspace\git\Mycat-Server\datanode\datenode-a083a89a-a5cb-46ad-ac7f-92b29f4a876b\61\8445e826-c0c2-47de-9dab-584ce37b72e2
2017-06-13 16:09:31.251 ERROR [Test worker] (io.mycat.memory.unsafe.utils.sort.UnsafeExternalSorter.deleteSpillFiles(UnsafeExternalSorter.java:322)) - Was unable to delete spill file D:\workspace\git\Mycat-Server\datanode\datenode-a083a89a-a5cb-46ad-ac7f-92b29f4a876b\61\8445e826-c0c2-47de-9dab-584ce37b72e2
2017-06-13 16:09:31.253 ERROR [Test worker] (io.mycat.memory.unsafe.utils.sort.UnsafeExternalSorter.deleteSpillFiles(UnsafeExternalSorter.java:317)) - Failed to delete: D:\workspace\git\Mycat-Server\datanode\datenode-3eeac1db-3986-4a94-b470-ebfc55274686\24\abe00e19-24a1-4711-979c-85e48bba0d30
2017-06-13 16:09:31.253 ERROR [Test worker] (io.mycat.memory.unsafe.utils.sort.UnsafeExternalSorter.deleteSpillFiles(UnsafeExternalSorter.java:322)) - Was unable to delete spill file D:\workspace\git\Mycat-Server\datanode\datenode-3eeac1db-3986-4a94-b470-ebfc55274686\24\abe00e19-24a1-4711-979c-85e48bba0d30
2017-06-13 16:09:31.255 ERROR [Test worker] (io.mycat.memory.unsafe.utils.sort.UnsafeExternalSorter.deleteSpillFiles(UnsafeExternalSorter.java:317)) - Failed to delete: D:\workspace\git\Mycat-Server\datanode\datenode-86bd22b5-1b46-4c25-86bb-1d886b0f9481\18\d376b12f-be64-471c-b1e3-e9f353155db6
2017-06-13 16:09:31.256 ERROR [Test worker] (io.mycat.memory.unsafe.utils.sort.UnsafeExternalSorter.deleteSpillFiles(UnsafeExternalSorter.java:322)) - Was unable to delete spill file D:\workspace\git\Mycat-Server\datanode\datenode-86bd22b5-1b46-4c25-86bb-1d886b0f9481\18\d376b12f-be64-471c-b1e3-e9f353155db6
2017-06-13 16:09:31.260 ERROR [Test worker] (io.mycat.memory.unsafe.utils.sort.UnsafeExternalSorter.deleteSpillFiles(UnsafeExternalSorter.java:317)) - Failed to delete: D:\workspace\git\Mycat-Server\datanode\datenode-2301c26c-b295-4acd-8dbf-c0be2fb43f31\14\911cef44-1811-48fb-9b38-974a587afa9b
2017-06-13 16:09:31.261 ERROR [Test worker] (io.mycat.memory.unsafe.utils.sort.UnsafeExternalSorter.deleteSpillFiles(UnsafeExternalSorter.java:322)) - Was unable to delete spill file D:\workspace\git\Mycat-Server\datanode\datenode-2301c26c-b295-4acd-8dbf-c0be2fb43f31\14\911cef44-1811-48fb-9b38-974a587afa9b
2017-06-13 16:09:31.311  INFO [Test worker] (io.mycat.memory.unsafe.utils.sort.UnsafeExternalSorter.spill(UnsafeExternalSorter.java:167)) - Thread12 spilling sort data of 20.0 MB to disk (0 times so far)
2017-06-13 16:09:31.312  WARN [Test worker] (io.mycat.memory.unsafe.storage.DataNodeFileManager.getFile(DataNodeFileManager.java:112)) - 59 exist !
2017-06-13 16:09:31.522  INFO [Test worker] (io.mycat.memory.unsafe.memory.mm.DataNodeMemoryManager.acquireExecutionMemory(DataNodeMemoryManager.java:160)) - Thread 0 released 4.0 MBfrom itself (io.mycat.memory.unsafe.utils.sort.UnsafeExternalSorter@2a7feb67)
2017-06-13 16:09:31.597 ERROR [Test worker] (io.mycat.memory.unsafe.utils.sort.UnsafeExternalSorter.deleteSpillFiles(UnsafeExternalSorter.java:317)) - Failed to delete: D:\workspace\git\Mycat-Server\datanode\datenode-07fcadfc-62b3-4e4b-afc0-d1b08f686efd\59\abcf56eb-6abb-4388-9d70-4eb5c74b1e6e
2017-06-13 16:09:31.597 ERROR [Test worker] (io.mycat.memory.unsafe.utils.sort.UnsafeExternalSorter.deleteSpillFiles(UnsafeExternalSorter.java:322)) - Was unable to delete spill file D:\workspace\git\Mycat-Server\datanode\datenode-07fcadfc-62b3-4e4b-afc0-d1b08f686efd\59\abcf56eb-6abb-4388-9d70-4eb5c74b1e6e
2017-06-13 16:09:31.603  WARN [Test worker] (io.mycat.memory.unsafe.storage.DataNodeFileManager.getFile(DataNodeFileManager.java:112)) - 18 exist !
2017-06-13 16:09:31.712 ERROR [Test worker] (io.mycat.memory.unsafe.utils.sort.UnsafeExternalSorter.deleteSpillFiles(UnsafeExternalSorter.java:317)) - Failed to delete: D:\workspace\git\Mycat-Server\datanode\datenode-55107180-4abf-4c58-accd-f8cb5dd3f6d5\18\74b3a832-ab51-4168-a9fd-c55a2577a5d1
2017-06-13 16:09:31.713 ERROR [Test worker] (io.mycat.memory.unsafe.utils.sort.UnsafeExternalSorter.deleteSpillFiles(UnsafeExternalSorter.java:322)) - Was unable to delete spill file D:\workspace\git\Mycat-Server\datanode\datenode-55107180-4abf-4c58-accd-f8cb5dd3f6d5\18\74b3a832-ab51-4168-a9fd-c55a2577a5d1
2017-06-13 16:09:31.733  INFO [Test worker] (io.mycat.memory.unsafe.utils.sort.UnsafeExternalSorter.spill(UnsafeExternalSorter.java:167)) - Thread12 spilling sort data of 18.0 KB to disk (0 times so far)
2017-06-13 16:09:31.734  WARN [Test worker] (io.mycat.memory.unsafe.storage.DataNodeFileManager.getFile(DataNodeFileManager.java:112)) - 46 exist !
2017-06-13 16:09:31.799 ERROR [Test worker] (io.mycat.memory.unsafe.utils.sort.UnsafeExternalSorter.deleteSpillFiles(UnsafeExternalSorter.java:317)) - Failed to delete: D:\workspace\git\Mycat-Server\datanode\datenode-fc71fe60-c35f-42e0-81b5-6a1726764cff\46\57667cac-5e0c-469f-acf0-f74ee4443a25
2017-06-13 16:09:31.799 ERROR [Test worker] (io.mycat.memory.unsafe.utils.sort.UnsafeExternalSorter.deleteSpillFiles(UnsafeExternalSorter.java:322)) - Was unable to delete spill file D:\workspace\git\Mycat-Server\datanode\datenode-fc71fe60-c35f-42e0-81b5-6a1726764cff\46\57667cac-5e0c-469f-acf0-f74ee4443a25
2017-06-13 16:09:31.801  INFO [Test worker] (io.mycat.memory.unsafe.utils.sort.UnsafeExternalSorter.spill(UnsafeExternalSorter.java:167)) - Thread12 spilling sort data of 4.0 MB to disk (0 times so far)
2017-06-13 16:09:31.802  WARN [Test worker] (io.mycat.memory.unsafe.storage.DataNodeFileManager.getFile(DataNodeFileManager.java:112)) - 34 exist !
2017-06-13 16:09:31.804  INFO [Test worker] (io.mycat.memory.unsafe.utils.sort.UnsafeExternalSorter.spill(UnsafeExternalSorter.java:167)) - Thread12 spilling sort data of 4.0 MB to disk (1 times so far)
2017-06-13 16:09:31.805  WARN [Test worker] (io.mycat.memory.unsafe.storage.DataNodeFileManager.getFile(DataNodeFileManager.java:112)) - 26 exist !
2017-06-13 16:09:31.807 ERROR [Test worker] (io.mycat.memory.unsafe.utils.sort.UnsafeExternalSorter.deleteSpillFiles(UnsafeExternalSorter.java:317)) - Failed to delete: D:\workspace\git\Mycat-Server\datanode\datenode-52227888-4e68-4abe-9d7a-677ddec81701\34\c4cc284a-c258-4d1d-a456-cd7373d4aca7
2017-06-13 16:09:31.807 ERROR [Test worker] (io.mycat.memory.unsafe.utils.sort.UnsafeExternalSorter.deleteSpillFiles(UnsafeExternalSorter.java:322)) - Was unable to delete spill file D:\workspace\git\Mycat-Server\datanode\datenode-52227888-4e68-4abe-9d7a-677ddec81701\34\c4cc284a-c258-4d1d-a456-cd7373d4aca7
2017-06-13 16:09:31.808 ERROR [Test worker] (io.mycat.memory.unsafe.utils.sort.UnsafeExternalSorter.deleteSpillFiles(UnsafeExternalSorter.java:317)) - Failed to delete: D:\workspace\git\Mycat-Server\datanode\datenode-a3cee728-c7e8-4ac5-b1e5-de21a0d0fe6d\26\d4dc3f53-fd31-4f24-b5a3-93836b0ca026
2017-06-13 16:09:31.809 ERROR [Test worker] (io.mycat.memory.unsafe.utils.sort.UnsafeExternalSorter.deleteSpillFiles(UnsafeExternalSorter.java:322)) - Was unable to delete spill file D:\workspace\git\Mycat-Server\datanode\datenode-a3cee728-c7e8-4ac5-b1e5-de21a0d0fe6d\26\d4dc3f53-fd31-4f24-b5a3-93836b0ca026
2017-06-13 16:09:31.810  INFO [Test worker] (io.mycat.memory.unsafe.utils.sort.UnsafeExternalSorter.spill(UnsafeExternalSorter.java:167)) - Thread12 spilling sort data of 4.0 MB to disk (0 times so far)
2017-06-13 16:09:31.811  WARN [Test worker] (io.mycat.memory.unsafe.storage.DataNodeFileManager.getFile(DataNodeFileManager.java:112)) - 52 exist !
2017-06-13 16:09:31.814  INFO [Test worker] (io.mycat.memory.unsafe.utils.sort.UnsafeExternalSorter.spill(UnsafeExternalSorter.java:167)) - Thread12 spilling sort data of 4.0 MB to disk (1 times so far)
2017-06-13 16:09:31.816  WARN [Test worker] (io.mycat.memory.unsafe.storage.DataNodeFileManager.getFile(DataNodeFileManager.java:112)) - 61 exist !
2017-06-13 16:09:31.818 ERROR [Test worker] (io.mycat.memory.unsafe.utils.sort.UnsafeExternalSorter.deleteSpillFiles(UnsafeExternalSorter.java:317)) - Failed to delete: D:\workspace\git\Mycat-Server\datanode\datenode-e1a04329-b249-4c4e-8ff5-1d93e855ad2d\52\7f1e3bcc-6fac-4b90-a039-57bca5f27c9f
2017-06-13 16:09:31.818 ERROR [Test worker] (io.mycat.memory.unsafe.utils.sort.UnsafeExternalSorter.deleteSpillFiles(UnsafeExternalSorter.java:322)) - Was unable to delete spill file D:\workspace\git\Mycat-Server\datanode\datenode-e1a04329-b249-4c4e-8ff5-1d93e855ad2d\52\7f1e3bcc-6fac-4b90-a039-57bca5f27c9f
2017-06-13 16:09:31.820 ERROR [Test worker] (io.mycat.memory.unsafe.utils.sort.UnsafeExternalSorter.deleteSpillFiles(UnsafeExternalSorter.java:317)) - Failed to delete: D:\workspace\git\Mycat-Server\datanode\datenode-e591aa21-ea8f-49fb-9100-d38acdeb7166\61\73072af4-352d-4bf7-ab17-52fecef65ebc
2017-06-13 16:09:31.820 ERROR [Test worker] (io.mycat.memory.unsafe.utils.sort.UnsafeExternalSorter.deleteSpillFiles(UnsafeExternalSorter.java:322)) - Was unable to delete spill file D:\workspace\git\Mycat-Server\datanode\datenode-e591aa21-ea8f-49fb-9100-d38acdeb7166\61\73072af4-352d-4bf7-ab17-52fecef65ebc
2017-06-13 16:09:31.822  INFO [Test worker] (io.mycat.memory.unsafe.utils.sort.UnsafeExternalSorter.spill(UnsafeExternalSorter.java:167)) - Thread12 spilling sort data of 4.0 MB to disk (0 times so far)
2017-06-13 16:09:31.823  WARN [Test worker] (io.mycat.memory.unsafe.storage.DataNodeFileManager.getFile(DataNodeFileManager.java:112)) - 51 exist !
2017-06-13 16:09:31.825  WARN [Test worker] (io.mycat.memory.unsafe.memory.mm.DataNodeMemoryManager.cleanUpAllAllocatedMemory(DataNodeMemoryManager.java:389)) - leak 4.0 MB memory from io.mycat.memory.unsafe.utils.sort.UnsafeExternalSorter@6db5875a
2017-06-13 16:09:31.825  WARN [Test worker] (io.mycat.memory.unsafe.memory.mm.DataNodeMemoryManager.cleanUpAllAllocatedMemory(DataNodeMemoryManager.java:396)) - leak a page: io.mycat.memory.unsafe.memory.MemoryBlock@8e8a055 in task 0
2017-06-13 16:09:31.826  WARN [Test worker] (io.mycat.memory.unsafe.memory.mm.DataNodeMemoryManager.cleanUpAllAllocatedMemory(DataNodeMemoryManager.java:396)) - leak a page: io.mycat.memory.unsafe.memory.MemoryBlock@3ab79975 in task 0
2017-06-13 16:09:31.838  INFO [Test worker] (io.mycat.memory.unsafe.utils.sort.UnsafeExternalSorter.spill(UnsafeExternalSorter.java:167)) - Thread12 spilling sort data of 16.0 MB to disk (0 times so far)
2017-06-13 16:09:31.839  WARN [Test worker] (io.mycat.memory.unsafe.storage.DataNodeFileManager.getFile(DataNodeFileManager.java:112)) - 54 exist !
2017-06-13 16:09:31.868  INFO [Test worker] (io.mycat.memory.unsafe.utils.sort.UnsafeExternalSorter.spill(UnsafeExternalSorter.java:167)) - Thread12 spilling sort data of 4.0 MB to disk (1 times so far)
2017-06-13 16:09:31.869  WARN [Test worker] (io.mycat.memory.unsafe.storage.DataNodeFileManager.getFile(DataNodeFileManager.java:112)) - 54 exist !
2017-06-13 16:09:31.889  WARN [Test worker] (io.mycat.memory.unsafe.memory.mm.DataNodeMemoryManager.cleanUpAllAllocatedMemory(DataNodeMemoryManager.java:389)) - leak 20.0 MB memory from io.mycat.memory.unsafe.utils.sort.UnsafeExternalSorter@1e533f4b
2017-06-13 16:09:31.889  WARN [Test worker] (io.mycat.memory.unsafe.memory.mm.DataNodeMemoryManager.cleanUpAllAllocatedMemory(DataNodeMemoryManager.java:396)) - leak a page: io.mycat.memory.unsafe.memory.MemoryBlock@5f9df48c in task 0
2017-06-13 16:09:31.889  WARN [Test worker] (io.mycat.memory.unsafe.memory.mm.DataNodeMemoryManager.cleanUpAllAllocatedMemory(DataNodeMemoryManager.java:396)) - leak a page: io.mycat.memory.unsafe.memory.MemoryBlock@12ba0d22 in task 0
2017-06-13 16:09:31.889  WARN [Test worker] (io.mycat.memory.unsafe.memory.mm.DataNodeMemoryManager.cleanUpAllAllocatedMemory(DataNodeMemoryManager.java:396)) - leak a page: io.mycat.memory.unsafe.memory.MemoryBlock@314d67f4 in task 0
2017-06-13 16:09:31.904  WARN [Test worker] (io.mycat.memory.unsafe.storage.DataNodeFileManager.getFile(DataNodeFileManager.java:112)) - 22 exist !
2017-06-13 16:09:31.941 ERROR [Test worker] (io.mycat.memory.unsafe.utils.sort.UnsafeExternalSorter.deleteSpillFiles(UnsafeExternalSorter.java:317)) - Failed to delete: D:\workspace\git\Mycat-Server\datanode\datenode-a7d32288-57c2-4ad0-a6b5-5cf589ce4ef6\22\98f35ab0-10db-4fe7-bd94-22e4f0843ba7
2017-06-13 16:09:31.941 ERROR [Test worker] (io.mycat.memory.unsafe.utils.sort.UnsafeExternalSorter.deleteSpillFiles(UnsafeExternalSorter.java:322)) - Was unable to delete spill file D:\workspace\git\Mycat-Server\datanode\datenode-a7d32288-57c2-4ad0-a6b5-5cf589ce4ef6\22\98f35ab0-10db-4fe7-bd94-22e4f0843ba7
2017-06-13 16:09:31.950  INFO [Test worker] (io.mycat.memory.unsafe.utils.sort.UnsafeExternalSorter.spill(UnsafeExternalSorter.java:167)) - Thread12 spilling sort data of 4.0 MB to disk (0 times so far)
2017-06-13 16:09:31.994  WARN [Test worker] (io.mycat.memory.unsafe.storage.DataNodeFileManager.getFile(DataNodeFileManager.java:112)) - 49 exist !
2017-06-13 16:09:32.002  INFO [Test worker] (io.mycat.memory.unsafe.utils.sort.UnsafeExternalSorter.spill(UnsafeExternalSorter.java:167)) - Thread12 spilling sort data of 4.0 MB to disk (1 times so far)
2017-06-13 16:09:32.003  WARN [Test worker] (io.mycat.memory.unsafe.storage.DataNodeFileManager.getFile(DataNodeFileManager.java:112)) - 42 exist !
2017-06-13 16:09:32.011  INFO [Test worker] (io.mycat.memory.unsafe.utils.sort.UnsafeExternalSorter.spill(UnsafeExternalSorter.java:167)) - Thread12 spilling sort data of 4.0 MB to disk (2 times so far)
2017-06-13 16:09:32.012  WARN [Test worker] (io.mycat.memory.unsafe.storage.DataNodeFileManager.getFile(DataNodeFileManager.java:112)) - 62 exist !
2017-06-13 16:09:32.019  INFO [Test worker] (io.mycat.memory.unsafe.utils.sort.UnsafeExternalSorter.spill(UnsafeExternalSorter.java:167)) - Thread12 spilling sort data of 4.0 MB to disk (3 times so far)
2017-06-13 16:09:32.020  WARN [Test worker] (io.mycat.memory.unsafe.storage.DataNodeFileManager.getFile(DataNodeFileManager.java:112)) - 0 exist !
2017-06-13 16:09:32.047 ERROR [Test worker] (io.mycat.memory.unsafe.utils.sort.UnsafeExternalSorter.deleteSpillFiles(UnsafeExternalSorter.java:317)) - Failed to delete: D:\workspace\git\Mycat-Server\datanode\datenode-467074fa-7ffa-4e14-90c8-3aaa1eb850ce\49\af787482-f502-48f0-8643-844f9c0a85c1
2017-06-13 16:09:32.047 ERROR [Test worker] (io.mycat.memory.unsafe.utils.sort.UnsafeExternalSorter.deleteSpillFiles(UnsafeExternalSorter.java:322)) - Was unable to delete spill file D:\workspace\git\Mycat-Server\datanode\datenode-467074fa-7ffa-4e14-90c8-3aaa1eb850ce\49\af787482-f502-48f0-8643-844f9c0a85c1
2017-06-13 16:09:32.049 ERROR [Test worker] (io.mycat.memory.unsafe.utils.sort.UnsafeExternalSorter.deleteSpillFiles(UnsafeExternalSorter.java:317)) - Failed to delete: D:\workspace\git\Mycat-Server\datanode\datenode-d05c8e32-de90-4ab9-944f-5ec6a780dfee\42\a06150a8-0fc6-4cd2-be70-6ebfdbe3c945
2017-06-13 16:09:32.049 ERROR [Test worker] (io.mycat.memory.unsafe.utils.sort.UnsafeExternalSorter.deleteSpillFiles(UnsafeExternalSorter.java:322)) - Was unable to delete spill file D:\workspace\git\Mycat-Server\datanode\datenode-d05c8e32-de90-4ab9-944f-5ec6a780dfee\42\a06150a8-0fc6-4cd2-be70-6ebfdbe3c945
2017-06-13 16:09:32.050 ERROR [Test worker] (io.mycat.memory.unsafe.utils.sort.UnsafeExternalSorter.deleteSpillFiles(UnsafeExternalSorter.java:317)) - Failed to delete: D:\workspace\git\Mycat-Server\datanode\datenode-109f4262-f2c6-4580-9051-f0b61f176526\62\f71a6193-c92b-4bc8-aed2-b43856e4d08f
2017-06-13 16:09:32.050 ERROR [Test worker] (io.mycat.memory.unsafe.utils.sort.UnsafeExternalSorter.deleteSpillFiles(UnsafeExternalSorter.java:322)) - Was unable to delete spill file D:\workspace\git\Mycat-Server\datanode\datenode-109f4262-f2c6-4580-9051-f0b61f176526\62\f71a6193-c92b-4bc8-aed2-b43856e4d08f
2017-06-13 16:09:32.051 ERROR [Test worker] (io.mycat.memory.unsafe.utils.sort.UnsafeExternalSorter.deleteSpillFiles(UnsafeExternalSorter.java:317)) - Failed to delete: D:\workspace\git\Mycat-Server\datanode\datenode-5c1fdf2e-c77a-4f1a-8557-3fa036509d0e\0\c549e3d8-f12e-4a72-94b0-cea6f22199bf
2017-06-13 16:09:32.052 ERROR [Test worker] (io.mycat.memory.unsafe.utils.sort.UnsafeExternalSorter.deleteSpillFiles(UnsafeExternalSorter.java:322)) - Was unable to delete spill file D:\workspace\git\Mycat-Server\datanode\datenode-5c1fdf2e-c77a-4f1a-8557-3fa036509d0e\0\c549e3d8-f12e-4a72-94b0-cea6f22199bf
2017-06-13 16:09:32.094  INFO [Test worker] (io.mycat.memory.unsafe.utils.sort.UnsafeExternalSorter.spill(UnsafeExternalSorter.java:167)) - Thread12 spilling sort data of 12.0 MB to disk (0 times so far)
2017-06-13 16:09:32.095  WARN [Test worker] (io.mycat.memory.unsafe.storage.DataNodeFileManager.getFile(DataNodeFileManager.java:112)) - 25 exist !
2017-06-13 16:09:32.226  INFO [Test worker] (io.mycat.memory.unsafe.memory.mm.DataNodeMemoryManager.acquireExecutionMemory(DataNodeMemoryManager.java:160)) - Thread 0 released 4.0 MBfrom itself (io.mycat.memory.unsafe.utils.sort.UnsafeExternalSorter@77b1ec76)
2017-06-13 16:09:32.282 ERROR [Test worker] (io.mycat.memory.unsafe.utils.sort.UnsafeExternalSorter.deleteSpillFiles(UnsafeExternalSorter.java:317)) - Failed to delete: D:\workspace\git\Mycat-Server\datanode\datenode-58d395bd-0a1f-40fa-945d-345e60d3b3f1\25\22eddff5-89aa-4332-857b-afd2b0ec5b19
2017-06-13 16:09:32.282 ERROR [Test worker] (io.mycat.memory.unsafe.utils.sort.UnsafeExternalSorter.deleteSpillFiles(UnsafeExternalSorter.java:322)) - Was unable to delete spill file D:\workspace\git\Mycat-Server\datanode\datenode-58d395bd-0a1f-40fa-945d-345e60d3b3f1\25\22eddff5-89aa-4332-857b-afd2b0ec5b19
2017-06-13 16:09:32.289  WARN [Test worker] (io.mycat.memory.unsafe.storage.DataNodeFileManager.getFile(DataNodeFileManager.java:112)) - 43 exist !
2017-06-13 16:09:32.329 ERROR [Test worker] (io.mycat.memory.unsafe.utils.sort.UnsafeExternalSorter.deleteSpillFiles(UnsafeExternalSorter.java:317)) - Failed to delete: D:\workspace\git\Mycat-Server\datanode\datenode-e44e4227-8815-44ca-aae1-d3a5006d3eb9\43\54b51c58-0d6d-44cb-9360-6825cafc5253
2017-06-13 16:09:32.329 ERROR [Test worker] (io.mycat.memory.unsafe.utils.sort.UnsafeExternalSorter.deleteSpillFiles(UnsafeExternalSorter.java:322)) - Was unable to delete spill file D:\workspace\git\Mycat-Server\datanode\datenode-e44e4227-8815-44ca-aae1-d3a5006d3eb9\43\54b51c58-0d6d-44cb-9360-6825cafc5253
2017-06-13 16:09:47.001  WARN [Test worker] (io.mycat.memory.unsafe.storage.DataNodeFileManager.getFile(DataNodeFileManager.java:112)) - 57 exist !
2017-06-13 16:09:47.001  WARN [Test worker] (io.mycat.memory.unsafe.storage.DataNodeFileManager.getFile(DataNodeFileManager.java:112)) - 57 exist !
2017-06-13 16:09:58.340  WARN [Test worker] (io.mycat.route.parser.druid.impl.DruidUpdateParser.confirmShardColumnNotUpdated(DruidUpdateParser.java:219)) - Sharding column can't be updated hotnews->ID
2017-06-13 16:09:58.491  WARN [Test worker] (io.mycat.route.parser.druid.impl.DruidUpdateParser.confirmShardColumnNotUpdated(DruidUpdateParser.java:219)) - Sharding column can't be updated hotnews->ID
2017-06-13 16:09:58.511  WARN [Test worker] (io.mycat.route.parser.druid.impl.DruidUpdateParser.confirmShardColumnNotUpdated(DruidUpdateParser.java:219)) - Sharding column can't be updated hotnews->ID
2017-06-13 16:09:58.605  WARN [Test worker] (io.mycat.route.parser.druid.impl.DruidUpdateParser.confirmShardColumnNotUpdated(DruidUpdateParser.java:219)) - Sharding column can't be updated hotnews->ID
2017-06-13 16:09:58.640  WARN [Test worker] (io.mycat.route.parser.druid.impl.DruidUpdateParser.confirmShardColumnNotUpdated(DruidUpdateParser.java:219)) - Sharding column can't be updated hotnews->ID
2017-06-13 16:09:58.662  WARN [Test worker] (io.mycat.route.parser.druid.impl.DruidUpdateParser.confirmShardColumnNotUpdated(DruidUpdateParser.java:219)) - Sharding column can't be updated hotnews->ID
2017-06-13 16:09:58.675  WARN [Test worker] (io.mycat.route.parser.druid.impl.DruidUpdateParser.confirmShardColumnNotUpdated(DruidUpdateParser.java:219)) - Sharding column can't be updated hotnews->ID
2017-06-13 16:09:58.678  WARN [Test worker] (io.mycat.route.parser.druid.impl.DruidUpdateParser.confirmShardColumnNotUpdated(DruidUpdateParser.java:219)) - Sharding column can't be updated hotnews->ID
2017-06-13 16:09:58.680  WARN [Test worker] (io.mycat.route.parser.druid.impl.DruidUpdateParser.confirmShardColumnNotUpdated(DruidUpdateParser.java:219)) - Sharding column can't be updated hotnews->ID
2017-06-13 16:09:58.683  WARN [Test worker] (io.mycat.route.parser.druid.impl.DruidUpdateParser.confirmShardColumnNotUpdated(DruidUpdateParser.java:219)) - Sharding column can't be updated hotnews->ID
2017-06-13 16:09:58.690  WARN [Test worker] (io.mycat.route.parser.druid.impl.DruidUpdateParser.confirmShardColumnNotUpdated(DruidUpdateParser.java:219)) - Sharding column can't be updated hotnews->ID
2017-06-13 16:09:58.692  WARN [Test worker] (io.mycat.route.parser.druid.impl.DruidUpdateParser.confirmShardColumnNotUpdated(DruidUpdateParser.java:219)) - Sharding column can't be updated hotnews->ID
2017-06-13 16:09:58.697  WARN [Test worker] (io.mycat.route.parser.druid.impl.DruidUpdateParser.confirmShardColumnNotUpdated(DruidUpdateParser.java:219)) - Sharding column can't be updated hotnews->ID
2017-06-13 16:09:58.703  WARN [Test worker] (io.mycat.route.parser.druid.impl.DruidUpdateParser.confirmShardColumnNotUpdated(DruidUpdateParser.java:219)) - Sharding column can't be updated hotnews->ID
2017-06-13 16:09:58.713  WARN [Test worker] (io.mycat.route.parser.druid.impl.DruidUpdateParser.confirmShardColumnNotUpdated(DruidUpdateParser.java:219)) - Sharding column can't be updated hotnews->ID
2017-06-13 16:09:58.718  WARN [Test worker] (io.mycat.route.parser.druid.impl.DruidUpdateParser.confirmShardColumnNotUpdated(DruidUpdateParser.java:219)) - Sharding column can't be updated hotnews->ID
2017-06-13 16:09:58.722  WARN [Test worker] (io.mycat.route.parser.druid.impl.DruidUpdateParser.confirmShardColumnNotUpdated(DruidUpdateParser.java:219)) - Sharding column can't be updated hotnews->ID
2017-06-13 16:09:59.664  INFO [Test worker] (io.mycat.cache.CacheService.createLayeredPool(CacheService.java:125)) - create layer cache pool TableID2DataNodeCache of type encache ,default cache size 10000 ,default expire seconds18000
2017-06-13 16:09:59.664  INFO [Test worker] (io.mycat.cache.DefaultLayedCachePool.createChildCache(DefaultLayedCachePool.java:80)) - create child Cache: TESTDB_ORDERS for layered cache TableID2DataNodeCache, size 50000, expire seconds 18000
2017-06-13 16:09:59.683  INFO [Test worker] (io.mycat.server.interceptor.impl.GlobalTableUtil.consistencyInterceptor(GlobalTableUtil.java:99)) -  DDL to modify global table.
2017-06-13 16:09:59.886  INFO [Test worker] (io.mycat.cache.CacheService.createLayeredPool(CacheService.java:125)) - create layer cache pool TableID2DataNodeCache of type encache ,default cache size 10000 ,default expire seconds18000
2017-06-13 16:09:59.887  INFO [Test worker] (io.mycat.cache.DefaultLayedCachePool.createChildCache(DefaultLayedCachePool.java:80)) - create child Cache: TESTDB_ORDERS for layered cache TableID2DataNodeCache, size 50000, expire seconds 18000
2017-06-13 16:09:59.888  INFO [Test worker] (io.mycat.server.interceptor.impl.GlobalTableUtil.consistencyInterceptor(GlobalTableUtil.java:99)) -  DDL to modify global table.
2017-06-13 16:09:59.901  INFO [Test worker] (io.mycat.server.interceptor.impl.GlobalTableUtil.consistencyInterceptor(GlobalTableUtil.java:99)) -  DDL to modify global table.
2017-06-13 16:09:59.903  INFO [Test worker] (io.mycat.server.interceptor.impl.GlobalTableUtil.consistencyInterceptor(GlobalTableUtil.java:99)) -  DDL to modify global table.
2017-06-13 16:09:59.903  INFO [Test worker] (io.mycat.server.interceptor.impl.GlobalTableUtil.consistencyInterceptor(GlobalTableUtil.java:99)) -  DDL to modify global table.
2017-06-13 16:09:59.904  INFO [Test worker] (io.mycat.server.interceptor.impl.GlobalTableUtil.consistencyInterceptor(GlobalTableUtil.java:99)) -  DDL to modify global table.
2017-06-13 16:09:59.945  INFO [Test worker] (io.mycat.cache.CacheService.createLayeredPool(CacheService.java:125)) - create layer cache pool TableID2DataNodeCache of type encache ,default cache size 10000 ,default expire seconds18000
2017-06-13 16:09:59.945  INFO [Test worker] (io.mycat.cache.DefaultLayedCachePool.createChildCache(DefaultLayedCachePool.java:80)) - create child Cache: TESTDB_ORDERS for layered cache TableID2DataNodeCache, size 50000, expire seconds 18000
2017-06-13 16:09:59.945  INFO [Test worker] (io.mycat.server.interceptor.impl.GlobalTableUtil.consistencyInterceptor(GlobalTableUtil.java:99)) -  DDL to modify global table.
2017-06-13 16:09:59.945  INFO [Test worker] (io.mycat.server.interceptor.impl.GlobalTableUtil.consistencyInterceptor(GlobalTableUtil.java:99)) -  DDL to modify global table.
2017-06-13 16:09:59.946  INFO [Test worker] (io.mycat.server.interceptor.impl.GlobalTableUtil.consistencyInterceptor(GlobalTableUtil.java:99)) -  DDL to modify global table.
2017-06-13 16:09:59.946  INFO [Test worker] (io.mycat.server.interceptor.impl.GlobalTableUtil.consistencyInterceptor(GlobalTableUtil.java:99)) -  DDL to modify global table.
2017-06-13 16:10:00.964  WARN [Test worker] (io.mycat.route.parser.druid.impl.DruidInsertParser.parserSingleInsert(DruidInsertParser.java:199)) - Sharding column can't be updated: EMPLOYEE -> SHARDING_ID
2017-06-13 16:10:01.026  WARN [Test worker] (io.mycat.route.parser.druid.impl.DruidInsertParser.parserSingleInsert(DruidInsertParser.java:186)) - bad insert sql (sharding column:OFFER_ID not provided,INSERT INTO offer_detail (gmt)
VALUES (now())
2017-06-13 16:10:01.029  WARN [Test worker] (io.mycat.route.util.RouterUtil.ruleByJoinValueCalculate(RouterUtil.java:874)) - joinKey can't have multi Value
2017-06-13 16:10:01.060  WARN [Test worker] (io.mycat.route.parser.druid.impl.DruidUpdateParser.confirmShardColumnNotUpdated(DruidUpdateParser.java:226)) - Parent relevant column can't be updated ORDERS->CUSTOMER_ID
2017-06-13 16:10:01.089  WARN [Test worker] (io.mycat.route.parser.druid.impl.DruidInsertParser.parserChildTable(DruidInsertParser.java:126)) - ChildTable multi insert not provided
2017-06-13 16:10:01.090  WARN [Test worker] (io.mycat.route.parser.druid.impl.DruidInsertParser.parserBatchInsert(DruidInsertParser.java:286)) - TODO:insert into .... select .... not supported!
2017-06-13 16:10:01.433  INFO [Test worker] (io.mycat.cache.CacheService.createLayeredPool(CacheService.java:125)) - create layer cache pool TableID2DataNodeCache of type encache ,default cache size 10000 ,default expire seconds18000
2017-06-13 16:10:01.433  INFO [Test worker] (io.mycat.cache.DefaultLayedCachePool.createChildCache(DefaultLayedCachePool.java:80)) - create child Cache: TESTDB_ORDERS for layered cache TableID2DataNodeCache, size 50000, expire seconds 18000
2017-06-13 16:10:01.496  INFO [Test worker] (io.mycat.cache.CacheService.createLayeredPool(CacheService.java:125)) - create layer cache pool TableID2DataNodeCache of type encache ,default cache size 10000 ,default expire seconds18000
2017-06-13 16:10:01.497  INFO [Test worker] (io.mycat.cache.DefaultLayedCachePool.createChildCache(DefaultLayedCachePool.java:80)) - create child Cache: TESTDB_ORDERS for layered cache TableID2DataNodeCache, size 50000, expire seconds 18000
